<?xml version="1.0" encoding="utf-8"?><testsuites name="pytest tests"><testsuite name="pytest" errors="0" failures="0" skipped="0" tests="24" time="13.466" timestamp="2026-04-04T13:16:20.313373+00:00" hostname="agent-env-dc46f70f-ff2e-42d0-af6f-4d4d92383e3a"><testcase classname="backend.tests.test_phase3_features.TestAuthentication" name="test_owner_login" time="0.481" /><testcase classname="backend.tests.test_phase3_features.TestAuthentication" name="test_staff_login" time="0.329" /><testcase classname="backend.tests.test_phase3_features.TestHotelSettings" name="test_get_settings" time="0.437" /><testcase classname="backend.tests.test_phase3_features.TestHotelSettings" name="test_update_settings_owner" time="0.562" /><testcase classname="backend.tests.test_phase3_features.TestHotelSettings" name="test_update_settings_staff_forbidden" time="0.417" /><testcase classname="backend.tests.test_phase3_features.TestChannelManager" name="test_get_channels" time="0.429" /><testcase classname="backend.tests.test_phase3_features.TestChannelManager" name="test_create_channel_owner" time="0.431" /><testcase classname="backend.tests.test_phase3_features.TestChannelManager" name="test_create_channel_staff_forbidden" time="0.471" /><testcase classname="backend.tests.test_phase3_features.TestChannelManager" name="test_toggle_channel" time="0.674" /><testcase classname="backend.tests.test_phase3_features.TestChannelManager" name="test_get_channel_rates" time="0.443" /><testcase classname="backend.tests.test_phase3_features.TestChannelManager" name="test_set_channel_rate" time="0.586" /><testcase classname="backend.tests.test_phase3_features.TestChannelManager" name="test_get_channel_bookings" time="0.436" /><testcase classname="backend.tests.test_phase3_features.TestChannelManager" name="test_channel_sync" time="0.431" /><testcase classname="backend.tests.test_phase3_features.TestChannelManager" name="test_channel_analytics" time="0.419" /><testcase classname="backend.tests.test_phase3_features.TestRoomManagement" name="test_add_room_owner" time="0.433" /><testcase classname="backend.tests.test_phase3_features.TestRoomManagement" name="test_add_room_staff_forbidden" time="0.423" /><testcase classname="backend.tests.test_phase3_features.TestRoomManagement" name="test_edit_room_owner" time="0.426" /><testcase classname="backend.tests.test_phase3_features.TestRoomManagement" name="test_edit_room_staff_forbidden" time="0.563" /><testcase classname="backend.tests.test_phase3_features.TestRoomManagement" name="test_delete_room_owner" time="0.430" /><testcase classname="backend.tests.test_phase3_features.TestRoomManagement" name="test_delete_room_staff_forbidden" time="0.989" /><testcase classname="backend.tests.test_phase3_features.TestAutoSendWhatsApp" name="test_checkin_creates_whatsapp_logs" time="1.301" /><testcase classname="backend.tests.test_phase3_features.TestVoiceExpense" name="test_voice_expense_parsing" time="0.772" /><testcase classname="backend.tests.test_phase3_features.TestCheckInWithChannel" name="test_checkin_with_ota_channel" time="0.757" /><testcase classname="backend.tests.test_phase3_features.TestCleanup" name="test_cleanup_test_channels" time="0.547" /></testsuite></testsuites>