<?xml version="1.0" encoding="utf-8"?><testsuites name="pytest tests"><testsuite name="pytest" errors="0" failures="0" skipped="0" tests="18" time="8.693" timestamp="2026-04-05T12:02:22.076892+00:00" hostname="agent-env-dc46f70f-ff2e-42d0-af6f-4d4d92383e3a"><testcase classname="backend.tests.test_nivant_lodge_overhaul.TestAuth" name="test_owner_login" time="0.482" /><testcase classname="backend.tests.test_nivant_lodge_overhaul.TestAuth" name="test_staff_login" time="0.329" /><testcase classname="backend.tests.test_nivant_lodge_overhaul.TestRoomLayout" name="test_get_rooms_returns_22_rooms" time="0.583" /><testcase classname="backend.tests.test_nivant_lodge_overhaul.TestRoomLayout" name="test_standard_rooms_at_600" time="0.442" /><testcase classname="backend.tests.test_nivant_lodge_overhaul.TestRoomLayout" name="test_non_ac_deluxe_rooms_at_1000" time="0.451" /><testcase classname="backend.tests.test_nivant_lodge_overhaul.TestRoomLayout" name="test_room_104_special_rate_500" time="0.431" /><testcase classname="backend.tests.test_nivant_lodge_overhaul.TestRoomLayout" name="test_ac_deluxe_rooms_at_1200" time="0.502" /><testcase classname="backend.tests.test_nivant_lodge_overhaul.TestHotelSettings" name="test_settings_hotel_name" time="0.414" /><testcase classname="backend.tests.test_nivant_lodge_overhaul.TestHotelSettings" name="test_settings_checkout_rules" time="0.420" /><testcase classname="backend.tests.test_nivant_lodge_overhaul.TestFreshService" name="test_fresh_service_creates_booking" time="0.625" /><testcase classname="backend.tests.test_nivant_lodge_overhaul.TestCheckInWithWhatsApp" name="test_checkin_sends_3_whatsapp_messages" time="0.785" /><testcase classname="backend.tests.test_nivant_lodge_overhaul.TestAadharUnmasked" name="test_aadhar_stored_full" time="0.672" /><testcase classname="backend.tests.test_nivant_lodge_overhaul.TestFacePhoto" name="test_face_photo_stored" time="0.615" /><testcase classname="backend.tests.test_nivant_lodge_overhaul.TestRoleAccess" name="test_staff_cannot_manage_rooms" time="0.422" /><testcase classname="backend.tests.test_nivant_lodge_overhaul.TestRoleAccess" name="test_staff_cannot_create_channels" time="0.422" /><testcase classname="backend.tests.test_nivant_lodge_overhaul.TestRoleAccess" name="test_owner_can_manage_rooms" time="0.526" /><testcase classname="backend.tests.test_nivant_lodge_overhaul.TestBookingHistory" name="test_booking_history_paginated" time="0.427" /><testcase classname="backend.tests.test_nivant_lodge_overhaul.TestBillingNoGrace" name="test_billing_logic_documented" time="0.000" /></testsuite></testsuites>