<?xml version="1.0" encoding="utf-8"?><testsuites name="pytest tests"><testsuite name="pytest" errors="0" failures="0" skipped="0" tests="15" time="9.531" timestamp="2026-04-07T16:06:08.153971+00:00" hostname="agent-env-dc46f70f-ff2e-42d0-af6f-4d4d92383e3a"><testcase classname="backend.tests.test_11_features.TestFreshService" name="test_fresh_service_with_num_people_cash" time="0.975" /><testcase classname="backend.tests.test_11_features.TestFreshService" name="test_fresh_service_with_upi" time="0.584" /><testcase classname="backend.tests.test_11_features.TestCheckInValidation" name="test_checkin_empty_name_returns_400" time="0.622" /><testcase classname="backend.tests.test_11_features.TestCheckInValidation" name="test_checkin_short_name_returns_400" time="0.231" /><testcase classname="backend.tests.test_11_features.TestCheckInValidation" name="test_checkin_invalid_phone_returns_400" time="0.232" /><testcase classname="backend.tests.test_11_features.TestCheckInValidation" name="test_checkin_invalid_aadhar_returns_400" time="0.242" /><testcase classname="backend.tests.test_11_features.TestAdditionalGuests" name="test_checkin_with_additional_guests" time="0.848" /><testcase classname="backend.tests.test_11_features.TestAadharPhotoSignature" name="test_checkin_with_aadhar_photo_and_signature" time="0.952" /><testcase classname="backend.tests.test_11_features.TestEarlyArrivalWarning" name="test_walkin_no_additional_early_warning" time="0.977" /><testcase classname="backend.tests.test_11_features.TestEarlyArrivalWarning" name="test_channel_booking_has_early_warning" time="0.713" /><testcase classname="backend.tests.test_11_features.TestSendBillWhatsApp" name="test_send_bill_endpoint" time="1.019" /><testcase classname="backend.tests.test_11_features.TestRoomTypes" name="test_rooms_have_correct_types" time="0.477" /><testcase classname="backend.tests.test_11_features.TestFormCDateFilter" name="test_formc_with_date_filter" time="0.611" /><testcase classname="backend.tests.test_11_features.TestFormCDateFilter" name="test_formc_without_filter" time="0.110" /><testcase classname="backend.tests.test_11_features.TestValidCheckin" name="test_valid_checkin_success" time="0.849" /></testsuite></testsuites>