<?xml version="1.0" encoding="utf-8"?><testsuites name="pytest tests"><testsuite name="pytest" errors="0" failures="0" skipped="0" tests="19" time="1.851" timestamp="2026-04-05T12:20:30.192739+00:00" hostname="agent-env-dc46f70f-ff2e-42d0-af6f-4d4d92383e3a"><testcase classname="tests.test_reservations.TestGuestSearch" name="test_guest_search_requires_min_2_chars" time="0.583" /><testcase classname="tests.test_reservations.TestGuestSearch" name="test_guest_search_by_name" time="0.044" /><testcase classname="tests.test_reservations.TestGuestSearch" name="test_guest_search_by_phone" time="0.042" /><testcase classname="tests.test_reservations.TestCreateReservation" name="test_create_reservation_success" time="0.055" /><testcase classname="tests.test_reservations.TestCreateReservation" name="test_double_booking_prevention" time="0.045" /><testcase classname="tests.test_reservations.TestCreateReservation" name="test_reservation_creates_whatsapp_log" time="0.045" /><testcase classname="tests.test_reservations.TestCreateReservation" name="test_reservation_creates_advance_transaction" time="0.046" /><testcase classname="tests.test_reservations.TestListReservations" name="test_get_all_reservations" time="0.043" /><testcase classname="tests.test_reservations.TestListReservations" name="test_get_reservations_by_date" time="0.042" /><testcase classname="tests.test_reservations.TestCalendarView" name="test_calendar_returns_grouped_data" time="0.046" /><testcase classname="tests.test_reservations.TestCalendarView" name="test_calendar_default_month" time="0.048" /><testcase classname="tests.test_reservations.TestReservationCheckin" name="test_checkin_from_reservation" time="0.188" /><testcase classname="tests.test_reservations.TestReservationCheckin" name="test_checkin_non_reserved_fails" time="0.045" /><testcase classname="tests.test_reservations.TestReservationCheckin" name="test_checkin_nonexistent_fails" time="0.046" /><testcase classname="tests.test_reservations.TestReservationCancel" name="test_cancel_reservation" time="0.138" /><testcase classname="tests.test_reservations.TestReservationCancel" name="test_cancel_non_reserved_fails" time="0.045" /><testcase classname="tests.test_reservations.TestReservationCancel" name="test_cancel_nonexistent_fails" time="0.069" /><testcase classname="tests.test_reservations.TestExistingReservation" name="test_existing_reservation_exists" time="0.046" /><testcase classname="tests.test_reservations.TestCleanup" name="test_cleanup_test_reservations" time="0.139" /></testsuite></testsuites>